[INFO ] 2019-01-16 11:19:13.431 [http-nio-80-exec-3] IndexController - INFO: hahahaha
[INFO ] 2019-01-16 11:20:54.910 [main] DemoMultiSpringBootApplication - Starting DemoMultiSpringBootApplication on starzoneCN with PID 9232 (C:\projects\test\multi-spring-boot\target\classes started by starzonecn in C:\projects\test\multi-spring-boot)
[INFO ] 2019-01-16 11:20:54.918 [main] DemoMultiSpringBootApplication - No active profile set, falling back to default profiles: default
[INFO ] 2019-01-16 11:20:57.074 [main] DemoMultiSpringBootApplication - Started DemoMultiSpringBootApplication in 2.495 seconds (JVM running for 3.745)
[INFO ] 2019-01-16 11:20:57.075 [main] DemoMultiSpringBootApplication - Info level log message
[WARN ] 2019-01-16 11:20:57.076 [main] DemoMultiSpringBootApplication - warn level log message
[ERROR] 2019-01-16 11:20:57.076 [main] DemoMultiSpringBootApplication - Error level log message
[INFO ] 2019-01-16 11:22:45.806 [main] DemoMultiSpringBootApplication - Starting DemoMultiSpringBootApplication on starzoneCN with PID 3720 (C:\projects\test\multi-spring-boot\target\classes started by starzonecn in C:\projects\test\multi-spring-boot)
[INFO ] 2019-01-16 11:22:45.813 [main] DemoMultiSpringBootApplication - No active profile set, falling back to default profiles: default
[INFO ] 2019-01-16 11:22:48.012 [main] DemoMultiSpringBootApplication - Started DemoMultiSpringBootApplication in 2.552 seconds (JVM running for 3.878)
[INFO ] 2019-01-16 11:22:48.014 [main] DemoMultiSpringBootApplication - Info level log message
[WARN ] 2019-01-16 11:22:48.014 [main] DemoMultiSpringBootApplication - warn level log message
[ERROR] 2019-01-16 11:22:48.014 [main] DemoMultiSpringBootApplication - Error level log message
[INFO ] 2019-01-16 11:23:42.232 [main] DemoMultiSpringBootApplication - Starting DemoMultiSpringBootApplication on starzoneCN with PID 1712 (C:\projects\test\multi-spring-boot\target\classes started by starzonecn in C:\projects\test\multi-spring-boot)
[INFO ] 2019-01-16 11:23:42.238 [main] DemoMultiSpringBootApplication - No active profile set, falling back to default profiles: default
[INFO ] 2019-01-16 11:23:44.399 [main] DemoMultiSpringBootApplication - Started DemoMultiSpringBootApplication in 2.493 seconds (JVM running for 3.765)
[INFO ] 2019-01-16 11:23:44.400 [main] DemoMultiSpringBootApplication - Info level log message
[WARN ] 2019-01-16 11:23:44.400 [main] DemoMultiSpringBootApplication - warn level log message
[ERROR] 2019-01-16 11:23:44.400 [main] DemoMultiSpringBootApplication - Error level log message
[INFO ] 2019-01-16 15:13:58.883 [http-nio-80-exec-1] IndexController - INFO: hahahaha
[INFO ] 2019-01-16 15:26:50.510 [http-nio-80-exec-2] IndexController - INFO: hahahaha
